0 info it worked if it ends with ok
1 verbose cli [ 'C:\\Program Files\\nodejs\\node.exe',
1 verbose cli   'C:\\Users\\Tomasz\\AppData\\Roaming\\npm\\node_modules\\npm\\bin\\npm-cli.js',
1 verbose cli   'start',
1 verbose cli   'run' ]
2 info using npm@4.1.2
3 info using node@v8.9.4
4 verbose run-script [ 'prestart', 'start', 'poststart' ]
5 info lifecycle hello-world@0.0.1~prestart: hello-world@0.0.1
6 silly lifecycle hello-world@0.0.1~prestart: no script for prestart, continuing
7 info lifecycle hello-world@0.0.1~start: hello-world@0.0.1
8 verbose lifecycle hello-world@0.0.1~start: unsafe-perm in lifecycle true
9 verbose lifecycle hello-world@0.0.1~start: PATH: C:\Users\Tomasz\AppData\Roaming\npm\node_modules\npm\bin\node-gyp-bin;D:\isa\typescript-warsztaty\isa-warsztat-ts\node_modules\.bin;C:\Program Files\Docker\Docker\Resources\bin;C:\Program Files (x86)\Java\jdk1.8.0_91\bin;C:\Program Files\OpenVPN\bin;C:\Program Files (x86)\Heroku\bin;C:\Program Files (x86)\git\cmd;C:\Program Files (x86)\Skype\Phone\;C:\Users\Tomasz\AppData\Local\Programs\Git\cmd;C:\Program Files (x86)\Yarn\bin;C:\Program Files\nodejs\;C:\Program Files (x86)\Mozilla Firefox;C:\Program Files (x86)\Intel\iCLS Client\;C:\Program Files\Intel\iCLS Client\;C:\Windows\system32;C:\Windows;C:\Windows\System32\Wbem;C:\Windows\System32\WindowsPowerShell\v1.0\;C:\Program Files (x86)\Intel\Intel(R) Management Engine Components\DAL;C:\Program Files\Intel\Intel(R) Management Engine Components\DAL;C:\Program Files (x86)\Intel\Intel(R) Management Engine Components\IPT;C:\Program Files\Intel\Intel(R) Management Engine Components\IPT;C:\Program Files (x86)\NVIDIA Corporation\PhysX\Common;C:\work\programs\apache-maven-3.3.9\bin;C:\Program Files\Docker Toolbox;C:\Program Files\Microsoft VS Code\bin;C:\Users\Tomasz\AppData\Local\Yarn\bin;C:\Users\Tomasz\AppData\Roaming\npm
10 verbose lifecycle hello-world@0.0.1~start: CWD: D:\isa\typescript-warsztaty\isa-warsztat-ts
11 silly lifecycle hello-world@0.0.1~start: Args: [ '/d /s /c', 'npm run server:dev "run"' ]
12 verbose stack Error: kill ENOSYS
12 verbose stack     at Object._errnoException (util.js:1022:11)
12 verbose stack     at process.kill (internal/process.js:183:18)
12 verbose stack     at process.listener (C:\Users\Tomasz\AppData\Roaming\npm\node_modules\npm\node_modules\npmlog\node_modules\gauge\node_modules\signal-exit\index.js:95:15)
12 verbose stack     at emitNone (events.js:106:13)
12 verbose stack     at process.emit (events.js:208:7)
12 verbose stack     at processEmit (C:\Users\Tomasz\AppData\Roaming\npm\node_modules\npm\node_modules\npmlog\node_modules\gauge\node_modules\signal-exit\index.js:155:32)
12 verbose stack     at Signal.wrap.onsignal (internal/process.js:208:44)
13 verbose cwd D:\isa\typescript-warsztaty\isa-warsztat-ts
14 error Windows_NT 10.0.10586
15 error argv "C:\\Program Files\\nodejs\\node.exe" "C:\\Users\\Tomasz\\AppData\\Roaming\\npm\\node_modules\\npm\\bin\\npm-cli.js" "start" "run"
16 error node v8.9.4
17 error npm  v4.1.2
18 error code ENOSYS
19 error errno ENOSYS
20 error syscall kill
21 error kill ENOSYS
22 error If you need help, you may report this error at:
22 error     <https://github.com/npm/npm/issues>
23 verbose exit [ 1, true ]
